WARNING: ignoring environment value of R_HOME
── Attaching core tidyverse packages ──────────────────────── tidyverse 2.0.0 ──
✔ dplyr     1.1.4     ✔ readr     2.1.4
✔ forcats   1.0.0     ✔ stringr   1.5.1
✔ ggplot2   3.4.4     ✔ tibble    3.2.1
✔ lubridate 1.9.3     ✔ tidyr     1.3.0
✔ purrr     1.0.2     
── Conflicts ────────────────────────────────────────── tidyverse_conflicts() ──
✖ dplyr::filter() masks stats::filter()
✖ dplyr::lag()    masks stats::lag()
ℹ Use the conflicted package (<http://conflicted.r-lib.org/>) to force all conflicts to become errors
Warning messages:
1: package ‘dplyr’ was built under R version 4.3.2 
2: package ‘stringr’ was built under R version 4.3.2 

Attaching package: ‘magrittr’

The following object is masked from ‘package:purrr’:

    set_names

The following object is masked from ‘package:tidyr’:

    extract


Attaching package: ‘data.table’

The following objects are masked from ‘package:lubridate’:

    hour, isoweek, mday, minute, month, quarter, second, wday, week,
    yday, year

The following objects are masked from ‘package:dplyr’:

    between, first, last

The following object is masked from ‘package:purrr’:

    transpose

Warning message:
Expected 7 pieces. Missing pieces filled with `NA` in 523250 rows [5, 7, 17,
19, 39, 52, 71, 77, 78, 115, 123, 124, 126, 148, 149, 156, 162, 179, 232, 238,
...]. 
NULL
Joining with `by = join_by(chunk, clone)`
NOTE: A nesting structure was detected in the fitted model:
    mut_aa %in% condition
NOTE: A nesting structure was detected in the fitted model:
    mut_aa %in% condition
NOTE: A nesting structure was detected in the fitted model:
    mut_aa %in% condition
NOTE: A nesting structure was detected in the fitted model:
    mut_aa %in% condition
NOTE: A nesting structure was detected in the fitted model:
    mut_aa %in% condition
NOTE: A nesting structure was detected in the fitted model:
    mut_aa %in% condition
NOTE: A nesting structure was detected in the fitted model:
    mut_aa %in% condition
NOTE: A nesting structure was detected in the fitted model:
    mut_aa %in% condition
NOTE: A nesting structure was detected in the fitted model:
    mut_aa %in% condition
NOTE: A nesting structure was detected in the fitted model:
    mut_aa %in% condition
NOTE: A nesting structure was detected in the fitted model:
    mut_aa %in% condition
NOTE: A nesting structure was detected in the fitted model:
    mut_aa %in% condition
NOTE: A nesting structure was detected in the fitted model:
    mut_aa %in% condition
NOTE: A nesting structure was detected in the fitted model:
    mut_aa %in% condition
NOTE: A nesting structure was detected in the fitted model:
    mut_aa %in% condition
NOTE: A nesting structure was detected in the fitted model:
    mut_aa %in% condition
NOTE: A nesting structure was detected in the fitted model:
    mut_aa %in% condition
NOTE: A nesting structure was detected in the fitted model:
    mut_aa %in% condition
NOTE: A nesting structure was detected in the fitted model:
    mut_aa %in% condition
NOTE: A nesting structure was detected in the fitted model:
    mut_aa %in% condition
NOTE: A nesting structure was detected in the fitted model:
    mut_aa %in% condition
NOTE: A nesting structure was detected in the fitted model:
    mut_aa %in% condition
NOTE: A nesting structure was detected in the fitted model:
    mut_aa %in% condition
NOTE: A nesting structure was detected in the fitted model:
    mut_aa %in% condition
NOTE: A nesting structure was detected in the fitted model:
    mut_aa %in% condition
NOTE: A nesting structure was detected in the fitted model:
    mut_aa %in% condition
NOTE: A nesting structure was detected in the fitted model:
    mut_aa %in% condition
NOTE: A nesting structure was detected in the fitted model:
    mut_aa %in% condition
NOTE: A nesting structure was detected in the fitted model:
    mut_aa %in% condition
NOTE: A nesting structure was detected in the fitted model:
    mut_aa %in% condition
NOTE: A nesting structure was detected in the fitted model:
    mut_aa %in% condition
NOTE: A nesting structure was detected in the fitted model:
    mut_aa %in% condition
NOTE: A nesting structure was detected in the fitted model:
    mut_aa %in% condition
NOTE: A nesting structure was detected in the fitted model:
    mut_aa %in% condition
NOTE: A nesting structure was detected in the fitted model:
    mut_aa %in% condition
NOTE: A nesting structure was detected in the fitted model:
    mut_aa %in% condition
NOTE: A nesting structure was detected in the fitted model:
    mut_aa %in% condition
NOTE: A nesting structure was detected in the fitted model:
    mut_aa %in% condition
NOTE: A nesting structure was detected in the fitted model:
    mut_aa %in% condition
NOTE: A nesting structure was detected in the fitted model:
    mut_aa %in% condition
NOTE: A nesting structure was detected in the fitted model:
    mut_aa %in% condition
NOTE: A nesting structure was detected in the fitted model:
    mut_aa %in% condition
NOTE: A nesting structure was detected in the fitted model:
    mut_aa %in% condition
NOTE: A nesting structure was detected in the fitted model:
    mut_aa %in% condition
NOTE: A nesting structure was detected in the fitted model:
    mut_aa %in% condition
NOTE: A nesting structure was detected in the fitted model:
    mut_aa %in% condition
NOTE: A nesting structure was detected in the fitted model:
    mut_aa %in% condition
NOTE: A nesting structure was detected in the fitted model:
    mut_aa %in% condition
NOTE: A nesting structure was detected in the fitted model:
    mut_aa %in% condition
NOTE: A nesting structure was detected in the fitted model:
    mut_aa %in% condition
NOTE: A nesting structure was detected in the fitted model:
    mut_aa %in% condition
NOTE: A nesting structure was detected in the fitted model:
    mut_aa %in% condition
NOTE: A nesting structure was detected in the fitted model:
    mut_aa %in% condition
NOTE: A nesting structure was detected in the fitted model:
    mut_aa %in% condition
NOTE: A nesting structure was detected in the fitted model:
    mut_aa %in% condition
NOTE: A nesting structure was detected in the fitted model:
    mut_aa %in% condition
NOTE: A nesting structure was detected in the fitted model:
    mut_aa %in% condition
NOTE: A nesting structure was detected in the fitted model:
    mut_aa %in% condition
NOTE: A nesting structure was detected in the fitted model:
    mut_aa %in% condition
NOTE: A nesting structure was detected in the fitted model:
    mut_aa %in% condition
NOTE: A nesting structure was detected in the fitted model:
    mut_aa %in% condition
NOTE: A nesting structure was detected in the fitted model:
    mut_aa %in% condition
NOTE: A nesting structure was detected in the fitted model:
    mut_aa %in% condition
NOTE: A nesting structure was detected in the fitted model:
    mut_aa %in% condition
NOTE: A nesting structure was detected in the fitted model:
    mut_aa %in% condition
NOTE: A nesting structure was detected in the fitted model:
    mut_aa %in% condition
NOTE: A nesting structure was detected in the fitted model:
    mut_aa %in% condition
NOTE: A nesting structure was detected in the fitted model:
    mut_aa %in% condition
NOTE: A nesting structure was detected in the fitted model:
    mut_aa %in% condition
NOTE: A nesting structure was detected in the fitted model:
    mut_aa %in% condition
NOTE: A nesting structure was detected in the fitted model:
    mut_aa %in% condition
NOTE: A nesting structure was detected in the fitted model:
    mut_aa %in% condition
NOTE: A nesting structure was detected in the fitted model:
    mut_aa %in% condition
NOTE: A nesting structure was detected in the fitted model:
    mut_aa %in% condition
NOTE: A nesting structure was detected in the fitted model:
    mut_aa %in% condition
NOTE: A nesting structure was detected in the fitted model:
    mut_aa %in% condition
NOTE: A nesting structure was detected in the fitted model:
    mut_aa %in% condition
NOTE: A nesting structure was detected in the fitted model:
    mut_aa %in% condition
NOTE: A nesting structure was detected in the fitted model:
    mut_aa %in% condition
NOTE: A nesting structure was detected in the fitted model:
    mut_aa %in% condition
NOTE: A nesting structure was detected in the fitted model:
    mut_aa %in% condition
NOTE: A nesting structure was detected in the fitted model:
    mut_aa %in% condition
NOTE: A nesting structure was detected in the fitted model:
    mut_aa %in% condition
NOTE: A nesting structure was detected in the fitted model:
    mut_aa %in% condition
NOTE: A nesting structure was detected in the fitted model:
    mut_aa %in% condition
NOTE: A nesting structure was detected in the fitted model:
    mut_aa %in% condition
NOTE: A nesting structure was detected in the fitted model:
    mut_aa %in% condition
NOTE: A nesting structure was detected in the fitted model:
    mut_aa %in% condition
NOTE: A nesting structure was detected in the fitted model:
    mut_aa %in% condition
NOTE: A nesting structure was detected in the fitted model:
    mut_aa %in% condition
NOTE: A nesting structure was detected in the fitted model:
    mut_aa %in% condition
NOTE: A nesting structure was detected in the fitted model:
    mut_aa %in% condition
NOTE: A nesting structure was detected in the fitted model:
    mut_aa %in% condition
NOTE: A nesting structure was detected in the fitted model:
    mut_aa %in% condition
NOTE: A nesting structure was detected in the fitted model:
    mut_aa %in% condition
NOTE: A nesting structure was detected in the fitted model:
    mut_aa %in% condition
NOTE: A nesting structure was detected in the fitted model:
    mut_aa %in% condition
NOTE: A nesting structure was detected in the fitted model:
    mut_aa %in% condition
NOTE: A nesting structure was detected in the fitted model:
    mut_aa %in% condition
NOTE: A nesting structure was detected in the fitted model:
    mut_aa %in% condition
NOTE: A nesting structure was detected in the fitted model:
    mut_aa %in% condition
NOTE: A nesting structure was detected in the fitted model:
    mut_aa %in% condition
NOTE: A nesting structure was detected in the fitted model:
    mut_aa %in% condition
NOTE: A nesting structure was detected in the fitted model:
    mut_aa %in% condition
NOTE: A nesting structure was detected in the fitted model:
    mut_aa %in% condition
NOTE: A nesting structure was detected in the fitted model:
    mut_aa %in% condition
NOTE: A nesting structure was detected in the fitted model:
    mut_aa %in% condition
NOTE: A nesting structure was detected in the fitted model:
    mut_aa %in% condition
NOTE: A nesting structure was detected in the fitted model:
    mut_aa %in% condition
NOTE: A nesting structure was detected in the fitted model:
    mut_aa %in% condition
NOTE: A nesting structure was detected in the fitted model:
    mut_aa %in% condition
NOTE: A nesting structure was detected in the fitted model:
    mut_aa %in% condition
NOTE: A nesting structure was detected in the fitted model:
    mut_aa %in% condition
NOTE: A nesting structure was detected in the fitted model:
    mut_aa %in% condition
NOTE: A nesting structure was detected in the fitted model:
    mut_aa %in% condition
NOTE: A nesting structure was detected in the fitted model:
    mut_aa %in% condition
NOTE: A nesting structure was detected in the fitted model:
    mut_aa %in% condition
NOTE: A nesting structure was detected in the fitted model:
    mut_aa %in% condition
NOTE: A nesting structure was detected in the fitted model:
    mut_aa %in% condition
NOTE: A nesting structure was detected in the fitted model:
    mut_aa %in% condition
NOTE: A nesting structure was detected in the fitted model:
    mut_aa %in% condition
NOTE: A nesting structure was detected in the fitted model:
    mut_aa %in% condition
NOTE: A nesting structure was detected in the fitted model:
    mut_aa %in% condition
NOTE: A nesting structure was detected in the fitted model:
    mut_aa %in% condition
NOTE: A nesting structure was detected in the fitted model:
    mut_aa %in% condition
NOTE: A nesting structure was detected in the fitted model:
    mut_aa %in% condition
NOTE: A nesting structure was detected in the fitted model:
    mut_aa %in% condition
NOTE: A nesting structure was detected in the fitted model:
    mut_aa %in% condition
NOTE: A nesting structure was detected in the fitted model:
    mut_aa %in% condition
NOTE: A nesting structure was detected in the fitted model:
    mut_aa %in% condition
NOTE: A nesting structure was detected in the fitted model:
    mut_aa %in% condition
NOTE: A nesting structure was detected in the fitted model:
    mut_aa %in% condition
NOTE: A nesting structure was detected in the fitted model:
    mut_aa %in% condition
NOTE: A nesting structure was detected in the fitted model:
    mut_aa %in% condition
NOTE: A nesting structure was detected in the fitted model:
    mut_aa %in% condition
NOTE: A nesting structure was detected in the fitted model:
    mut_aa %in% condition
NOTE: A nesting structure was detected in the fitted model:
    mut_aa %in% condition
NOTE: A nesting structure was detected in the fitted model:
    mut_aa %in% condition
NOTE: A nesting structure was detected in the fitted model:
    mut_aa %in% condition
NOTE: A nesting structure was detected in the fitted model:
    mut_aa %in% condition
NOTE: A nesting structure was detected in the fitted model:
    mut_aa %in% condition
NOTE: A nesting structure was detected in the fitted model:
    mut_aa %in% condition
NOTE: A nesting structure was detected in the fitted model:
    mut_aa %in% condition
NOTE: A nesting structure was detected in the fitted model:
    mut_aa %in% condition
NOTE: A nesting structure was detected in the fitted model:
    mut_aa %in% condition
NOTE: A nesting structure was detected in the fitted model:
    mut_aa %in% condition
NOTE: A nesting structure was detected in the fitted model:
    mut_aa %in% condition
NOTE: A nesting structure was detected in the fitted model:
    mut_aa %in% condition
NOTE: A nesting structure was detected in the fitted model:
    mut_aa %in% condition
NOTE: A nesting structure was detected in the fitted model:
    mut_aa %in% condition
NOTE: A nesting structure was detected in the fitted model:
    mut_aa %in% condition
NOTE: A nesting structure was detected in the fitted model:
    mut_aa %in% condition
NOTE: A nesting structure was detected in the fitted model:
    mut_aa %in% condition
NOTE: A nesting structure was detected in the fitted model:
    mut_aa %in% condition
NOTE: A nesting structure was detected in the fitted model:
    mut_aa %in% condition
NOTE: A nesting structure was detected in the fitted model:
    mut_aa %in% condition
NOTE: A nesting structure was detected in the fitted model:
    mut_aa %in% condition
NOTE: A nesting structure was detected in the fitted model:
    mut_aa %in% condition
NOTE: A nesting structure was detected in the fitted model:
    mut_aa %in% condition
NOTE: A nesting structure was detected in the fitted model:
    mut_aa %in% condition
NOTE: A nesting structure was detected in the fitted model:
    mut_aa %in% condition
NOTE: A nesting structure was detected in the fitted model:
    mut_aa %in% condition
NOTE: A nesting structure was detected in the fitted model:
    mut_aa %in% condition
NOTE: A nesting structure was detected in the fitted model:
    mut_aa %in% condition
NOTE: A nesting structure was detected in the fitted model:
    mut_aa %in% condition
NOTE: A nesting structure was detected in the fitted model:
    mut_aa %in% condition
NOTE: A nesting structure was detected in the fitted model:
    mut_aa %in% condition
NOTE: A nesting structure was detected in the fitted model:
    mut_aa %in% condition
NOTE: A nesting structure was detected in the fitted model:
    mut_aa %in% condition
NOTE: A nesting structure was detected in the fitted model:
    mut_aa %in% condition
NOTE: A nesting structure was detected in the fitted model:
    mut_aa %in% condition
NOTE: A nesting structure was detected in the fitted model:
    mut_aa %in% condition
NOTE: A nesting structure was detected in the fitted model:
    mut_aa %in% condition
NOTE: A nesting structure was detected in the fitted model:
    mut_aa %in% condition
NOTE: A nesting structure was detected in the fitted model:
    mut_aa %in% condition
NOTE: A nesting structure was detected in the fitted model:
    mut_aa %in% condition
NOTE: A nesting structure was detected in the fitted model:
    mut_aa %in% condition
NOTE: A nesting structure was detected in the fitted model:
    mut_aa %in% condition
NOTE: A nesting structure was detected in the fitted model:
    mut_aa %in% condition
NOTE: A nesting structure was detected in the fitted model:
    mut_aa %in% condition
NOTE: A nesting structure was detected in the fitted model:
    mut_aa %in% condition
NOTE: A nesting structure was detected in the fitted model:
    mut_aa %in% condition
NOTE: A nesting structure was detected in the fitted model:
    mut_aa %in% condition
NOTE: A nesting structure was detected in the fitted model:
    mut_aa %in% condition
NOTE: A nesting structure was detected in the fitted model:
    mut_aa %in% condition
NOTE: A nesting structure was detected in the fitted model:
    mut_aa %in% condition
NOTE: A nesting structure was detected in the fitted model:
    mut_aa %in% condition
NOTE: A nesting structure was detected in the fitted model:
    mut_aa %in% condition
NOTE: A nesting structure was detected in the fitted model:
    mut_aa %in% condition
NOTE: A nesting structure was detected in the fitted model:
    mut_aa %in% condition
NOTE: A nesting structure was detected in the fitted model:
    mut_aa %in% condition
NOTE: A nesting structure was detected in the fitted model:
    mut_aa %in% condition
NOTE: A nesting structure was detected in the fitted model:
    mut_aa %in% condition
NOTE: A nesting structure was detected in the fitted model:
    mut_aa %in% condition
NOTE: A nesting structure was detected in the fitted model:
    mut_aa %in% condition
NOTE: A nesting structure was detected in the fitted model:
    mut_aa %in% condition
NOTE: A nesting structure was detected in the fitted model:
    mut_aa %in% condition
NOTE: A nesting structure was detected in the fitted model:
    mut_aa %in% condition
NOTE: A nesting structure was detected in the fitted model:
    mut_aa %in% condition
NOTE: A nesting structure was detected in the fitted model:
    mut_aa %in% condition
NOTE: A nesting structure was detected in the fitted model:
    mut_aa %in% condition
NOTE: A nesting structure was detected in the fitted model:
    mut_aa %in% condition
NOTE: A nesting structure was detected in the fitted model:
    mut_aa %in% condition
NOTE: A nesting structure was detected in the fitted model:
    mut_aa %in% condition
NOTE: A nesting structure was detected in the fitted model:
    mut_aa %in% condition
NOTE: A nesting structure was detected in the fitted model:
    mut_aa %in% condition
NOTE: A nesting structure was detected in the fitted model:
    mut_aa %in% condition
NOTE: A nesting structure was detected in the fitted model:
    mut_aa %in% condition
NOTE: A nesting structure was detected in the fitted model:
    mut_aa %in% condition
NOTE: A nesting structure was detected in the fitted model:
    mut_aa %in% condition
NOTE: A nesting structure was detected in the fitted model:
    mut_aa %in% condition
NOTE: A nesting structure was detected in the fitted model:
    mut_aa %in% condition
NOTE: A nesting structure was detected in the fitted model:
    mut_aa %in% condition
NOTE: A nesting structure was detected in the fitted model:
    mut_aa %in% condition
NOTE: A nesting structure was detected in the fitted model:
    mut_aa %in% condition
NOTE: A nesting structure was detected in the fitted model:
    mut_aa %in% condition
NOTE: A nesting structure was detected in the fitted model:
    mut_aa %in% condition
NOTE: A nesting structure was detected in the fitted model:
    mut_aa %in% condition
NOTE: A nesting structure was detected in the fitted model:
    mut_aa %in% condition
NOTE: A nesting structure was detected in the fitted model:
    mut_aa %in% condition
NOTE: A nesting structure was detected in the fitted model:
    mut_aa %in% condition
NOTE: A nesting structure was detected in the fitted model:
    mut_aa %in% condition
NOTE: A nesting structure was detected in the fitted model:
    mut_aa %in% condition
NOTE: A nesting structure was detected in the fitted model:
    mut_aa %in% condition
NOTE: A nesting structure was detected in the fitted model:
    mut_aa %in% condition
NOTE: A nesting structure was detected in the fitted model:
    mut_aa %in% condition
NOTE: A nesting structure was detected in the fitted model:
    mut_aa %in% condition
NOTE: A nesting structure was detected in the fitted model:
    mut_aa %in% condition
NOTE: A nesting structure was detected in the fitted model:
    mut_aa %in% condition
NOTE: A nesting structure was detected in the fitted model:
    mut_aa %in% condition
NOTE: A nesting structure was detected in the fitted model:
    mut_aa %in% condition
NOTE: A nesting structure was detected in the fitted model:
    mut_aa %in% condition
NOTE: A nesting structure was detected in the fitted model:
    mut_aa %in% condition
NOTE: A nesting structure was detected in the fitted model:
    mut_aa %in% condition
NOTE: A nesting structure was detected in the fitted model:
    mut_aa %in% condition
NOTE: A nesting structure was detected in the fitted model:
    mut_aa %in% condition
NOTE: A nesting structure was detected in the fitted model:
    mut_aa %in% condition
NOTE: A nesting structure was detected in the fitted model:
    mut_aa %in% condition
NOTE: A nesting structure was detected in the fitted model:
    mut_aa %in% condition
NOTE: A nesting structure was detected in the fitted model:
    mut_aa %in% condition
NOTE: A nesting structure was detected in the fitted model:
    mut_aa %in% condition
NOTE: A nesting structure was detected in the fitted model:
    mut_aa %in% condition
NOTE: A nesting structure was detected in the fitted model:
    mut_aa %in% condition
NOTE: A nesting structure was detected in the fitted model:
    mut_aa %in% condition
NOTE: A nesting structure was detected in the fitted model:
    mut_aa %in% condition
NOTE: A nesting structure was detected in the fitted model:
    mut_aa %in% condition
NOTE: A nesting structure was detected in the fitted model:
    mut_aa %in% condition
NOTE: A nesting structure was detected in the fitted model:
    mut_aa %in% condition
NOTE: A nesting structure was detected in the fitted model:
    mut_aa %in% condition
NOTE: A nesting structure was detected in the fitted model:
    mut_aa %in% condition
NOTE: A nesting structure was detected in the fitted model:
    mut_aa %in% condition
NOTE: A nesting structure was detected in the fitted model:
    mut_aa %in% condition
NOTE: A nesting structure was detected in the fitted model:
    mut_aa %in% condition
NOTE: A nesting structure was detected in the fitted model:
    mut_aa %in% condition
NOTE: A nesting structure was detected in the fitted model:
    mut_aa %in% condition
NOTE: A nesting structure was detected in the fitted model:
    mut_aa %in% condition
NOTE: A nesting structure was detected in the fitted model:
    mut_aa %in% condition
NOTE: A nesting structure was detected in the fitted model:
    mut_aa %in% condition
NOTE: A nesting structure was detected in the fitted model:
    mut_aa %in% condition
NOTE: A nesting structure was detected in the fitted model:
    mut_aa %in% condition
NOTE: A nesting structure was detected in the fitted model:
    mut_aa %in% condition
NOTE: A nesting structure was detected in the fitted model:
    mut_aa %in% condition
NOTE: A nesting structure was detected in the fitted model:
    mut_aa %in% condition
NOTE: A nesting structure was detected in the fitted model:
    mut_aa %in% condition
NOTE: A nesting structure was detected in the fitted model:
    mut_aa %in% condition
NOTE: A nesting structure was detected in the fitted model:
    mut_aa %in% condition
NOTE: A nesting structure was detected in the fitted model:
    mut_aa %in% condition
NOTE: A nesting structure was detected in the fitted model:
    mut_aa %in% condition
NOTE: A nesting structure was detected in the fitted model:
    mut_aa %in% condition
NOTE: A nesting structure was detected in the fitted model:
    mut_aa %in% condition
NOTE: A nesting structure was detected in the fitted model:
    mut_aa %in% condition
NOTE: A nesting structure was detected in the fitted model:
    mut_aa %in% condition
NOTE: A nesting structure was detected in the fitted model:
    mut_aa %in% condition
NOTE: A nesting structure was detected in the fitted model:
    mut_aa %in% condition
NOTE: A nesting structure was detected in the fitted model:
    mut_aa %in% condition
NOTE: A nesting structure was detected in the fitted model:
    mut_aa %in% condition
NOTE: A nesting structure was detected in the fitted model:
    mut_aa %in% condition
NOTE: A nesting structure was detected in the fitted model:
    mut_aa %in% condition
NOTE: A nesting structure was detected in the fitted model:
    mut_aa %in% condition
NOTE: A nesting structure was detected in the fitted model:
    mut_aa %in% condition
NOTE: A nesting structure was detected in the fitted model:
    mut_aa %in% condition
NOTE: A nesting structure was detected in the fitted model:
    mut_aa %in% condition
NOTE: A nesting structure was detected in the fitted model:
    mut_aa %in% condition
NOTE: A nesting structure was detected in the fitted model:
    mut_aa %in% condition
NOTE: A nesting structure was detected in the fitted model:
    mut_aa %in% condition
NOTE: A nesting structure was detected in the fitted model:
    mut_aa %in% condition
NOTE: A nesting structure was detected in the fitted model:
    mut_aa %in% condition
NOTE: A nesting structure was detected in the fitted model:
    mut_aa %in% condition
NOTE: A nesting structure was detected in the fitted model:
    mut_aa %in% condition
NOTE: A nesting structure was detected in the fitted model:
    mut_aa %in% condition
NOTE: A nesting structure was detected in the fitted model:
    mut_aa %in% condition
NOTE: A nesting structure was detected in the fitted model:
    mut_aa %in% condition
NOTE: A nesting structure was detected in the fitted model:
    mut_aa %in% condition
NOTE: A nesting structure was detected in the fitted model:
    mut_aa %in% condition
NOTE: A nesting structure was detected in the fitted model:
    mut_aa %in% condition
NOTE: A nesting structure was detected in the fitted model:
    mut_aa %in% condition
NOTE: A nesting structure was detected in the fitted model:
    mut_aa %in% condition
NOTE: A nesting structure was detected in the fitted model:
    mut_aa %in% condition
NOTE: A nesting structure was detected in the fitted model:
    mut_aa %in% condition
NOTE: A nesting structure was detected in the fitted model:
    mut_aa %in% condition
NOTE: A nesting structure was detected in the fitted model:
    mut_aa %in% condition
NOTE: A nesting structure was detected in the fitted model:
    mut_aa %in% condition
NOTE: A nesting structure was detected in the fitted model:
    mut_aa %in% condition
NOTE: A nesting structure was detected in the fitted model:
    mut_aa %in% condition
NOTE: A nesting structure was detected in the fitted model:
    mut_aa %in% condition
NOTE: A nesting structure was detected in the fitted model:
    mut_aa %in% condition
NOTE: A nesting structure was detected in the fitted model:
    mut_aa %in% condition
NOTE: A nesting structure was detected in the fitted model:
    mut_aa %in% condition
NOTE: A nesting structure was detected in the fitted model:
    mut_aa %in% condition
NOTE: A nesting structure was detected in the fitted model:
    mut_aa %in% condition
NOTE: A nesting structure was detected in the fitted model:
    mut_aa %in% condition
NOTE: A nesting structure was detected in the fitted model:
    mut_aa %in% condition
NOTE: A nesting structure was detected in the fitted model:
    mut_aa %in% condition
NOTE: A nesting structure was detected in the fitted model:
    mut_aa %in% condition
NOTE: A nesting structure was detected in the fitted model:
    mut_aa %in% condition
NOTE: A nesting structure was detected in the fitted model:
    mut_aa %in% condition
NOTE: A nesting structure was detected in the fitted model:
    mut_aa %in% condition
NOTE: A nesting structure was detected in the fitted model:
    mut_aa %in% condition
NOTE: A nesting structure was detected in the fitted model:
    mut_aa %in% condition
NOTE: A nesting structure was detected in the fitted model:
    mut_aa %in% condition
NOTE: A nesting structure was detected in the fitted model:
    mut_aa %in% condition
NOTE: A nesting structure was detected in the fitted model:
    mut_aa %in% condition
NOTE: A nesting structure was detected in the fitted model:
    mut_aa %in% condition
NOTE: A nesting structure was detected in the fitted model:
    mut_aa %in% condition
NOTE: A nesting structure was detected in the fitted model:
    mut_aa %in% condition
NOTE: A nesting structure was detected in the fitted model:
    mut_aa %in% condition
NOTE: A nesting structure was detected in the fitted model:
    mut_aa %in% condition
NOTE: A nesting structure was detected in the fitted model:
    mut_aa %in% condition
NOTE: A nesting structure was detected in the fitted model:
    mut_aa %in% condition
NOTE: A nesting structure was detected in the fitted model:
    mut_aa %in% condition
NOTE: A nesting structure was detected in the fitted model:
    mut_aa %in% condition
NOTE: A nesting structure was detected in the fitted model:
    mut_aa %in% condition
Warning message:
There were 323 warnings in `mutate()`.
The first warning was:
ℹ In argument: `sumstats = future_map2(df, full_path, rand_effect, formula =
  form, .options = furrr_options(seed = .Random.seed))`.
ℹ In group 1: `chunk = "1"`.
Caused by warning in `finalizeTMB()`:
! Model convergence problem; NEW_X. See vignette('troubleshooting'), help('diagnose')
ℹ Run `dplyr::last_dplyr_warnings()` to see the 322 remaining warnings. 
